[debug] [2020-05-16T20:23:11.854Z] ----------------------------------------------------------------------
[debug] [2020-05-16T20:23:11.856Z] Command:       C:\Program Files\nodejs\node.exe C:\Users\Emanuel\AppData\Roaming\npm\node_modules\firebase-tools\lib\bin\firebase.js serve
[debug] [2020-05-16T20:23:11.856Z] CLI Version:   8.2.0
[debug] [2020-05-16T20:23:11.856Z] Platform:      win32
[debug] [2020-05-16T20:23:11.857Z] Node Version:  v12.14.1
[debug] [2020-05-16T20:23:11.858Z] Time:          Sat May 16 2020 17:23:11 GMT-0300 (GMT-03:00)
[debug] [2020-05-16T20:23:11.858Z] ----------------------------------------------------------------------
[debug] [2020-05-16T20:23:11.858Z] 
[debug] [2020-05-16T20:23:11.866Z] > command requires scopes: ["email","openid","https://www.googleapis.com/auth/cloudplatformprojects.readonly","https://www.googleapis.com/auth/firebase","https://www.googleapis.com/auth/cloud-platform"]
[debug] [2020-05-16T20:23:11.867Z] > authorizing via signed-in user
[debug] [2020-05-16T20:23:11.867Z] [iam] checking project paginamueblescaceros for permissions ["firebase.projects.get"]
[debug] [2020-05-16T20:23:11.871Z] >>> HTTP REQUEST POST https://cloudresourcemanager.googleapis.com/v1/projects/paginamueblescaceros:testIamPermissions  
 {"permissions":["firebase.projects.get"]}
[debug] [2020-05-16T20:23:13.079Z] <<< HTTP RESPONSE 200 {"content-type":"application/json; charset=UTF-8","vary":"X-Origin, Referer, Origin,Accept-Encoding","date":"Sat, 16 May 2020 20:24:14 GMT","server":"ESF","cache-control":"private","x-xss-protection":"0","x-frame-options":"SAMEORIGIN","x-content-type-options":"nosniff","server-timing":"gfet4t7; dur=941","alt-svc":"h3-27=\":443\"; ma=2592000,h3-25=\":443\"; ma=2592000,h3-T050=\":443\"; ma=2592000,h3-Q050=\":443\"; ma=2592000,h3-Q049=\":443\"; ma=2592000,h3-Q048=\":443\"; ma=2592000,h3-Q046=\":443\"; ma=2592000,h3-Q043=\":443\"; ma=2592000,quic=\":443\"; ma=2592000; v=\"46,43\"","accept-ranges":"none","transfer-encoding":"chunked"}
[debug] [2020-05-16T20:23:13.082Z] >>> HTTP REQUEST GET https://firebase.googleapis.com/v1beta1/projects/paginamueblescaceros  
 
[debug] [2020-05-16T20:23:13.584Z] <<< HTTP RESPONSE 200 {"content-type":"application/json; charset=UTF-8","vary":"X-Origin, Referer, Origin,Accept-Encoding","date":"Sat, 16 May 2020 20:24:15 GMT","server":"ESF","cache-control":"private","x-xss-protection":"0","x-frame-options":"SAMEORIGIN","x-content-type-options":"nosniff","alt-svc":"h3-27=\":443\"; ma=2592000,h3-25=\":443\"; ma=2592000,h3-T050=\":443\"; ma=2592000,h3-Q050=\":443\"; ma=2592000,h3-Q049=\":443\"; ma=2592000,h3-Q048=\":443\"; ma=2592000,h3-Q046=\":443\"; ma=2592000,h3-Q043=\":443\"; ma=2592000,quic=\":443\"; ma=2592000; v=\"46,43\"","accept-ranges":"none","transfer-encoding":"chunked"}
[info] 
[info] === Serving from 'C:\Users\Emanuel\Documents\Mis-Proyectos\pagina-avanzada'...
[info] 
[debug] [2020-05-16T20:23:13.592Z] >>> HTTP REQUEST GET https://firebase.googleapis.com/v1beta1/projects/paginamueblescaceros/webApps/-/config  
 
[debug] [2020-05-16T20:23:15.065Z] <<< HTTP RESPONSE 200 {"content-type":"application/json; charset=UTF-8","vary":"X-Origin, Referer, Origin,Accept-Encoding","date":"Sat, 16 May 2020 20:24:16 GMT","server":"ESF","cache-control":"private","x-xss-protection":"0","x-frame-options":"SAMEORIGIN","x-content-type-options":"nosniff","alt-svc":"h3-27=\":443\"; ma=2592000,h3-25=\":443\"; ma=2592000,h3-T050=\":443\"; ma=2592000,h3-Q050=\":443\"; ma=2592000,h3-Q049=\":443\"; ma=2592000,h3-Q048=\":443\"; ma=2592000,h3-Q046=\":443\"; ma=2592000,h3-Q043=\":443\"; ma=2592000,quic=\":443\"; ma=2592000; v=\"46,43\"","accept-ranges":"none","transfer-encoding":"chunked"}
[info] i  hosting: Serving hosting files from: /
[info] +  hosting: Local server: http://localhost:5000
